<?xml version="1.0" encoding="UTF-8"?>
<!-- Generated by org.testng.reporters.JUnitReportReporter -->
<testsuite skipped="0" hostname="DESKTOP-9DP17D5" name="com.bit.ui.test.sampleTest" tests="1" failures="0" timestamp="10 Sep 2019 22:25:42 GMT" time="0.007" errors="0">
  <testcase name="test_ing" time="0.007" classname="com.bit.ui.test.sampleTest"/>
</testsuite> <!-- com.bit.ui.test.sampleTest -->
