<?xml version="1.0" encoding="UTF-8"?>
<!-- Generated by org.testng.reporters.JUnitReportReporter -->
<testsuite skipped="0" hostname="DESKTOP-9DP17D5" name="com.bit.collection.MapPractice" tests="1" failures="0" timestamp="12 Oct 2019 18:11:34 GMT" time="0.007" errors="0">
  <testcase name="test" time="0.007" classname="com.bit.collection.MapPractice"/>
</testsuite> <!-- com.bit.collection.MapPractice -->
