<?xml version="1.0" encoding="UTF-8"?>
<!-- Generated by org.testng.reporters.JUnitReportReporter -->
<testsuite skipped="0" hostname="DESKTOP-9DP17D5" name="com.alu.test.BaseTest" tests="1" failures="0" timestamp="28 Aug 2019 23:53:06 GMT" time="0.005" errors="0">
  <testcase name="test1" time="0.005" classname="com.alu.test.BaseTest"/>
</testsuite> <!-- com.alu.test.BaseTest -->
