<?xml version="1.0" encoding="UTF-8"?>
<!-- Generated by org.testng.reporters.JUnitReportReporter -->
<testsuite skipped="0" hostname="DESKTOP-9DP17D5" name="com.alu.test.RegrssionTest" tests="3" failures="0" timestamp="28 Aug 2019 19:48:53 GMT" time="0.008" errors="0">
  <testcase name="aluTest5" time="0.003" classname="com.alu.test.RegrssionTest"/>
  <testcase name="aluTest4" time="0.004" classname="com.alu.test.RegrssionTest"/>
  <testcase name="aluTest6" time="0.001" classname="com.alu.test.RegrssionTest"/>
</testsuite> <!-- com.alu.test.RegrssionTest -->
