<?xml version="1.0" encoding="UTF-8"?>
<!-- Generated by org.testng.reporters.JUnitReportReporter -->
<testsuite skipped="0" hostname="DESKTOP-9DP17D5" name="com.alu.test.SmokeTest" tests="3" failures="0" timestamp="28 Aug 2019 23:44:43 GMT" time="0.011" errors="0">
  <testcase name="aluTest1" time="0.006" classname="com.alu.test.SmokeTest"/>
  <testcase name="aluTest3" time="0.002" classname="com.alu.test.SmokeTest"/>
  <testcase name="aluTest2" time="0.003" classname="com.alu.test.SmokeTest"/>
</testsuite> <!-- com.alu.test.SmokeTest -->
