<?xml version="1.0" encoding="UTF-8"?>
<!-- Generated by org.testng.reporters.JUnitReportReporter -->
<testsuite skipped="0" hostname="DESKTOP-9DP17D5" name="Modifirrer.BClass" tests="1" failures="0" timestamp="2019-12-15T00:09:10 EST" time="0.007" errors="0">
  <testcase name="test" time="0.007" classname="Modifirrer.BClass"/>
</testsuite> <!-- Modifirrer.BClass -->
